# JRE version: OpenJDK Runtime Environment (8.0_242-b01) (build 1.8.0_242-release-1644-b01)
# Java VM: OpenJDK 64-Bit Server VM (25.242-b01 mixed mode windows-amd64 compressed oops)
Heap:
 PSYoungGen      total 262144K, used 114164K [0x00000000d5580000, 0x00000000f1780000, 0x0000000100000000)
  eden space 246784K, 40% used [0x00000000d5580000,0x00000000db5fe758,0x00000000e4680000)
  from space 15360K, 99% used [0x00000000e4680000,0x00000000e557ea20,0x00000000e5580000)
  to   space 21504K, 0% used [0x00000000f0280000,0x00000000f0280000,0x00000000f1780000)
 ParOldGen       total 175104K, used 23063K [0x0000000080000000, 0x000000008ab00000, 0x00000000d5580000)
  object space 175104K, 13% used [0x0000000080000000,0x0000000081685c90,0x000000008ab00000)
 Metaspace       used 56522K, capacity 58812K, committed 58920K, reserved 1099776K
  class space    used 7734K, capacity 8237K, committed 8240K, reserved 1048576K
GC Heap History (10 events):
Event: 4.573 GC heap before
{Heap before GC invocations=5 (full 1):
 PSYoungGen      total 141824K, used 7112K [0x00000000d5580000, 0x00000000dea80000, 0x0000000100000000)
  eden space 131072K, 0% used [0x00000000d5580000,0x00000000d5580000,0x00000000dd580000)
  from space 10752K, 66% used [0x00000000de000000,0x00000000de6f2040,0x00000000dea80000)
  to   space 10752K, 0% used [0x00000000dd580000,0x00000000dd580000,0x00000000de000000)
 ParOldGen       total 175104K, used 797K [0x0000000080000000, 0x000000008ab00000, 0x00000000d5580000)
  object space 175104K, 0% used [0x0000000080000000,0x00000000800c74b0,0x000000008ab00000)
 Metaspace       used 20610K, capacity 21216K, committed 21296K, reserved 1067008K
  class space    used 2875K, capacity 3076K, committed 3120K, reserved 1048576K
Event: 4.613 GC heap after
Heap after GC invocations=5 (full 1):
 PSYoungGen      total 141824K, used 0K [0x00000000d5580000, 0x00000000dea80000, 0x0000000100000000)
  eden space 131072K, 0% used [0x00000000d5580000,0x00000000d5580000,0x00000000dd580000)
  from space 10752K, 0% used [0x00000000de000000,0x00000000de000000,0x00000000dea80000)
  to   space 10752K, 0% used [0x00000000dd580000,0x00000000dd580000,0x00000000de000000)
 ParOldGen       total 175104K, used 7011K [0x0000000080000000, 0x000000008ab00000, 0x00000000d5580000)
  object space 175104K, 4% used [0x0000000080000000,0x00000000806d8fe8,0x000000008ab00000)
 Metaspace       used 20610K, capacity 21216K, committed 21296K, reserved 1067008K
  class space    used 2875K, capacity 3076K, committed 3120K, reserved 1048576K
}
Event: 6.871 GC heap before
{Heap before GC invocations=6 (full 1):
 PSYoungGen      total 141824K, used 131072K [0x00000000d5580000, 0x00000000dea80000, 0x0000000100000000)
  eden space 131072K, 100% used [0x00000000d5580000,0x00000000dd580000,0x00000000dd580000)
  from space 10752K, 0% used [0x00000000de000000,0x00000000de000000,0x00000000dea80000)
  to   space 10752K, 0% used [0x00000000dd580000,0x00000000dd580000,0x00000000de000000)
 ParOldGen       total 175104K, used 7011K [0x0000000080000000, 0x000000008ab00000, 0x00000000d5580000)
  object space 175104K, 4% used [0x0000000080000000,0x00000000806d8fe8,0x000000008ab00000)
 Metaspace       used 32761K, capacity 33788K, committed 33968K, reserved 1079296K
  class space    used 4470K, capacity 4750K, committed 4784K, reserved 1048576K
Event: 6.891 GC heap after
Heap after GC invocations=6 (full 1):
 PSYoungGen      total 141824K, used 10728K [0x00000000d5580000, 0x00000000e6500000, 0x0000000100000000)
  eden space 131072K, 0% used [0x00000000d5580000,0x00000000d5580000,0x00000000dd580000)
  from space 10752K, 99% used [0x00000000dd580000,0x00000000ddffa1c0,0x00000000de000000)
  to   space 15872K, 0% used [0x00000000e5580000,0x00000000e5580000,0x00000000e6500000)
 ParOldGen       total 175104K, used 10281K [0x0000000080000000, 0x000000008ab00000, 0x00000000d5580000)
  object space 175104K, 5% used [0x0000000080000000,0x0000000080a0a5f8,0x000000008ab00000)
 Metaspace       used 32761K, capacity 33788K, committed 33968K, reserved 1079296K
  class space    used 4470K, capacity 4750K, committed 4784K, reserved 1048576K
}
Event: 7.440 GC heap before
{Heap before GC invocations=7 (full 1):
 PSYoungGen      total 141824K, used 41299K [0x00000000d5580000, 0x00000000e6500000, 0x0000000100000000)
  eden space 131072K, 23% used [0x00000000d5580000,0x00000000d735ad80,0x00000000dd580000)
  from space 10752K, 99% used [0x00000000dd580000,0x00000000ddffa1c0,0x00000000de000000)
  to   space 15872K, 0% used [0x00000000e5580000,0x00000000e5580000,0x00000000e6500000)
 ParOldGen       total 175104K, used 10281K [0x0000000080000000, 0x000000008ab00000, 0x00000000d5580000)
  object space 175104K, 5% used [0x0000000080000000,0x0000000080a0a5f8,0x000000008ab00000)
 Metaspace       used 34252K, capacity 35404K, committed 35496K, reserved 1079296K
  class space    used 4711K, capacity 5001K, committed 5040K, reserved 1048576K
Event: 7.483 GC heap after
Heap after GC invocations=7 (full 1):
 PSYoungGen      total 262144K, used 8092K [0x00000000d5580000, 0x00000000e6480000, 0x0000000100000000)
  eden space 246784K, 0% used [0x00000000d5580000,0x00000000d5580000,0x00000000e4680000)
  from space 15360K, 52% used [0x00000000e5580000,0x00000000e5d673d0,0x00000000e6480000)
  to   space 15360K, 0% used [0x00000000e4680000,0x00000000e4680000,0x00000000e5580000)
 ParOldGen       total 175104K, used 10289K [0x0000000080000000, 0x000000008ab00000, 0x00000000d5580000)
  object space 175104K, 5% used [0x0000000080000000,0x0000000080a0c5f8,0x000000008ab00000)
 Metaspace       used 34252K, capacity 35404K, committed 35496K, reserved 1079296K
  class space    used 4711K, capacity 5001K, committed 5040K, reserved 1048576K
}
Event: 7.483 GC heap before
{Heap before GC invocations=8 (full 2):
 PSYoungGen      total 262144K, used 8092K [0x00000000d5580000, 0x00000000e6480000, 0x0000000100000000)
  eden space 246784K, 0% used [0x00000000d5580000,0x00000000d5580000,0x00000000e4680000)
  from space 15360K, 52% used [0x00000000e5580000,0x00000000e5d673d0,0x00000000e6480000)
  to   space 15360K, 0% used [0x00000000e4680000,0x00000000e4680000,0x00000000e5580000)
 ParOldGen       total 175104K, used 10289K [0x0000000080000000, 0x000000008ab00000, 0x00000000d5580000)
  object space 175104K, 5% used [0x0000000080000000,0x0000000080a0c5f8,0x000000008ab00000)
 Metaspace       used 34252K, capacity 35404K, committed 35496K, reserved 1079296K
  class space    used 4711K, capacity 5001K, committed 5040K, reserved 1048576K
Event: 7.593 GC heap after
Heap after GC invocations=8 (full 2):
 PSYoungGen      total 262144K, used 0K [0x00000000d5580000, 0x00000000e6480000, 0x0000000100000000)
  eden space 246784K, 0% used [0x00000000d5580000,0x00000000d5580000,0x00000000e4680000)
  from space 15360K, 0% used [0x00000000e5580000,0x00000000e5580000,0x00000000e6480000)
  to   space 15360K, 0% used [0x00000000e4680000,0x00000000e4680000,0x00000000e5580000)
 ParOldGen       total 175104K, used 14565K [0x0000000080000000, 0x000000008ab00000, 0x00000000d5580000)
  object space 175104K, 8% used [0x0000000080000000,0x0000000080e39520,0x000000008ab00000)
 Metaspace       used 34252K, capacity 35404K, committed 35496K, reserved 1079296K
  class space    used 4711K, capacity 5001K, committed 5040K, reserved 1048576K
}
Event: 10.901 GC heap before
{Heap before GC invocations=9 (full 2):
 PSYoungGen      total 262144K, used 246784K [0x00000000d5580000, 0x00000000e6480000, 0x0000000100000000)
  eden space 246784K, 100% used [0x00000000d5580000,0x00000000e4680000,0x00000000e4680000)
  from space 15360K, 0% used [0x00000000e5580000,0x00000000e5580000,0x00000000e6480000)
  to   space 15360K, 0% used [0x00000000e4680000,0x00000000e4680000,0x00000000e5580000)
 ParOldGen       total 175104K, used 14565K [0x0000000080000000, 0x000000008ab00000, 0x00000000d5580000)
  object space 175104K, 8% used [0x0000000080000000,0x0000000080e39520,0x000000008ab00000)
 Metaspace       used 48350K, capacity 50192K, committed 50472K, reserved 1093632K
  class space    used 6493K, capacity 6856K, committed 6960K, reserved 1048576K
Event: 10.949 GC heap after
Heap after GC invocations=9 (full 2):
 PSYoungGen      total 262144K, used 15354K [0x00000000d5580000, 0x00000000f1780000, 0x0000000100000000)
  eden space 246784K, 0% used [0x00000000d5580000,0x00000000d5580000,0x00000000e4680000)
  from space 15360K, 99% used [0x00000000e4680000,0x00000000e557ea20,0x00000000e5580000)
  to   space 21504K, 0% used [0x00000000f0280000,0x00000000f0280000,0x00000000f1780000)
 ParOldGen       total 175104K, used 23063K [0x0000000080000000, 0x000000008ab00000, 0x00000000d5580000)
  object space 175104K, 13% used [0x0000000080000000,0x0000000081685c90,0x000000008ab00000)
 Metaspace       used 48350K, capacity 50192K, committed 50472K, reserved 1093632K
  class space    used 6493K, capacity 6856K, committed 6960K, reserved 1048576K
}

